<?xml version="1.0" encoding="UTF-8"?>
<!-- Generated by org.testng.reporters.JUnitReportReporter -->
<testsuite hostname="IP-MTY-DANIELM" failures="0" tests="7" name="com.coursetune.tests.CourseTuneTest" time="23.730" errors="0" timestamp="2022-07-11T15:12:44 CDT" skipped="0">
  <testcase classname="com.coursetune.tests.CourseTuneTest" name="TestAddGroup" time="2.066"/>
  <system-out/>
  <testcase classname="com.coursetune.tests.CourseTuneTest" name="TestAddDivision" time="7.057"/>
  <system-out/>
  <testcase classname="com.coursetune.tests.CourseTuneTest" name="TestLogin" time="2.684"/>
  <system-out/>
  <testcase classname="com.coursetune.tests.CourseTuneTest" name="TestAddGoals" time="7.467"/>
  <system-out/>
  <testcase classname="com.coursetune.tests.CourseTuneTest" name="TestLoggout" time="0.814"/>
  <system-out/>
  <testcase classname="com.coursetune.tests.CourseTuneTest" name="TestAddTraining" time="2.301"/>
  <system-out/>
  <testcase classname="com.coursetune.tests.CourseTuneTest" name="TestAddBundles" time="1.341"/>
  <system-out/>
</testsuite> <!-- com.coursetune.tests.CourseTuneTest -->
